# JRE version: Java(TM) SE Runtime Environment (19.0.2+7) (build 19.0.2+7-44)
# Java VM: Java HotSpot(TM) 64-Bit Server VM (19.0.2+7-44, mixed mode, emulated-client, sharing, tiered, compressed oops, compressed class ptrs, g1 gc, windows-amd64)
GC Precious Log:
 CardTable entry size: 512
 Card Set container configuration: InlinePtr #cards 5 size 8 Array Of Cards #cards 12 size 40 Howl #buckets 4 coarsen threshold 1843 Howl Bitmap #cards 512 size 80 coarsen threshold 460 Card regions per heap region 1 cards per card region 2048
 CPUs: 8 total, 8 available
 Memory: 8034M
 Large Page Support: Disabled
 NUMA Support: Disabled
 Compressed Oops: Enabled (32-bit)
 Heap Region Size: 1M
 Heap Min Capacity: 8M
 Heap Initial Capacity: 126M
 Heap Max Capacity: 2010M
 Pre-touch: Disabled
 Parallel Workers: 8
 Concurrent Workers: 2
 Concurrent Refinement Workers: 8
 Periodic GC: Disabled
Heap:
 garbage-first heap   total 308224K, used 122806K [0x0000000082600000, 0x0000000100000000)
  region size 1024K, 10 young (10240K), 10 survivors (10240K)
 Metaspace       used 61096K, committed 62400K, reserved 1114112K
  class space    used 7943K, committed 8704K, reserved 1048576K
GC Heap History (20 events):
Event: 968.763 GC heap after
{Heap after GC invocations=30 (full 0):
 garbage-first heap   total 308224K, used 114515K [0x0000000082600000, 0x0000000100000000)
  region size 1024K, 2 young (2048K), 2 survivors (2048K)
 Metaspace       used 58855K, committed 61440K, reserved 1114112K
  class space    used 7615K, committed 8704K, reserved 1048576K
}
Event: 968.934 GC heap before
{Heap before GC invocations=30 (full 0):
 garbage-first heap   total 308224K, used 139091K [0x0000000082600000, 0x0000000100000000)
  region size 1024K, 27 young (27648K), 2 survivors (2048K)
 Metaspace       used 59392K, committed 61440K, reserved 1114112K
  class space    used 7686K, committed 8704K, reserved 1048576K
}
Event: 968.939 GC heap after
{Heap after GC invocations=31 (full 0):
 garbage-first heap   total 308224K, used 119319K [0x0000000082600000, 0x0000000100000000)
  region size 1024K, 7 young (7168K), 7 survivors (7168K)
 Metaspace       used 59392K, committed 61440K, reserved 1114112K
  class space    used 7686K, committed 8704K, reserved 1048576K
}
Event: 1106.449 GC heap before
{Heap before GC invocations=32 (full 0):
 garbage-first heap   total 308224K, used 231959K [0x0000000082600000, 0x0000000100000000)
  region size 1024K, 99 young (101376K), 7 survivors (7168K)
 Metaspace       used 59388K, committed 61440K, reserved 1114112K
  class space    used 7686K, committed 8704K, reserved 1048576K
}
Event: 1106.459 GC heap after
{Heap after GC invocations=33 (full 0):
 garbage-first heap   total 308224K, used 122226K [0x0000000082600000, 0x0000000100000000)
  region size 1024K, 13 young (13312K), 13 survivors (13312K)
 Metaspace       used 59388K, committed 61440K, reserved 1114112K
  class space    used 7686K, committed 8704K, reserved 1048576K
}
Event: 1106.469 GC heap before
{Heap before GC invocations=33 (full 0):
 garbage-first heap   total 308224K, used 124274K [0x0000000082600000, 0x0000000100000000)
  region size 1024K, 15 young (15360K), 13 survivors (13312K)
 Metaspace       used 59388K, committed 61440K, reserved 1114112K
  class space    used 7686K, committed 8704K, reserved 1048576K
}
Event: 1106.494 GC heap after
{Heap after GC invocations=34 (full 0):
 garbage-first heap   total 308224K, used 115193K [0x0000000082600000, 0x0000000100000000)
  region size 1024K, 2 young (2048K), 2 survivors (2048K)
 Metaspace       used 59388K, committed 61440K, reserved 1114112K
  class space    used 7686K, committed 8704K, reserved 1048576K
}
Event: 1107.052 GC heap before
{Heap before GC invocations=34 (full 0):
 garbage-first heap   total 308224K, used 147961K [0x0000000082600000, 0x0000000100000000)
  region size 1024K, 36 young (36864K), 2 survivors (2048K)
 Metaspace       used 59971K, committed 61696K, reserved 1114112K
  class space    used 7770K, committed 8704K, reserved 1048576K
}
Event: 1107.058 GC heap after
{Heap after GC invocations=35 (full 0):
 garbage-first heap   total 308224K, used 122163K [0x0000000082600000, 0x0000000100000000)
  region size 1024K, 9 young (9216K), 9 survivors (9216K)
 Metaspace       used 59971K, committed 61696K, reserved 1114112K
  class space    used 7770K, committed 8704K, reserved 1048576K
}
Event: 1142.311 GC heap before
{Heap before GC invocations=36 (full 0):
 garbage-first heap   total 308224K, used 239930K [0x0000000082600000, 0x0000000100000000)
  region size 1024K, 106 young (108544K), 9 survivors (9216K)
 Metaspace       used 59998K, committed 61696K, reserved 1114112K
  class space    used 7777K, committed 8704K, reserved 1048576K
}
Event: 1142.324 GC heap after
{Heap after GC invocations=37 (full 0):
 garbage-first heap   total 308224K, used 126244K [0x0000000082600000, 0x0000000100000000)
  region size 1024K, 9 young (9216K), 9 survivors (9216K)
 Metaspace       used 59998K, committed 61696K, reserved 1114112K
  class space    used 7777K, committed 8704K, reserved 1048576K
}
Event: 1142.354 GC heap before
{Heap before GC invocations=37 (full 0):
 garbage-first heap   total 308224K, used 132388K [0x0000000082600000, 0x0000000100000000)
  region size 1024K, 15 young (15360K), 9 survivors (9216K)
 Metaspace       used 59999K, committed 61696K, reserved 1114112K
  class space    used 7777K, committed 8704K, reserved 1048576K
}
Event: 1142.363 GC heap after
{Heap after GC invocations=38 (full 0):
 garbage-first heap   total 308224K, used 117219K [0x0000000082600000, 0x0000000100000000)
  region size 1024K, 2 young (2048K), 2 survivors (2048K)
 Metaspace       used 59999K, committed 61696K, reserved 1114112K
  class space    used 7777K, committed 8704K, reserved 1048576K
}
Event: 1142.544 GC heap before
{Heap before GC invocations=38 (full 0):
 garbage-first heap   total 308224K, used 141795K [0x0000000082600000, 0x0000000100000000)
  region size 1024K, 28 young (28672K), 2 survivors (2048K)
 Metaspace       used 60546K, committed 62016K, reserved 1114112K
  class space    used 7858K, committed 8704K, reserved 1048576K
}
Event: 1142.549 GC heap after
{Heap after GC invocations=39 (full 0):
 garbage-first heap   total 308224K, used 122252K [0x0000000082600000, 0x0000000100000000)
  region size 1024K, 7 young (7168K), 7 survivors (7168K)
 Metaspace       used 60546K, committed 62016K, reserved 1114112K
  class space    used 7858K, committed 8704K, reserved 1048576K
}
Event: 1339.688 GC heap before
{Heap before GC invocations=40 (full 0):
 garbage-first heap   total 308224K, used 252300K [0x0000000082600000, 0x0000000100000000)
  region size 1024K, 98 young (100352K), 7 survivors (7168K)
 Metaspace       used 60535K, committed 62016K, reserved 1114112K
  class space    used 7859K, committed 8704K, reserved 1048576K
}
Event: 1339.697 GC heap after
{Heap after GC invocations=41 (full 0):
 garbage-first heap   total 308224K, used 124187K [0x0000000082600000, 0x0000000100000000)
  region size 1024K, 12 young (12288K), 12 survivors (12288K)
 Metaspace       used 60535K, committed 62016K, reserved 1114112K
  class space    used 7859K, committed 8704K, reserved 1048576K
}
Event: 1339.725 GC heap before
{Heap before GC invocations=41 (full 0):
 garbage-first heap   total 308224K, used 127259K [0x0000000082600000, 0x0000000100000000)
  region size 1024K, 15 young (15360K), 12 survivors (12288K)
 Metaspace       used 60535K, committed 62016K, reserved 1114112K
  class space    used 7859K, committed 8704K, reserved 1048576K
}
Event: 1339.733 GC heap after
{Heap after GC invocations=42 (full 0):
 garbage-first heap   total 308224K, used 115298K [0x0000000082600000, 0x0000000100000000)
  region size 1024K, 2 young (2048K), 2 survivors (2048K)
 Metaspace       used 60535K, committed 62016K, reserved 1114112K
  class space    used 7859K, committed 8704K, reserved 1048576K
}
Event: 1340.028 GC heap before
{Heap before GC invocations=42 (full 0):
 garbage-first heap   total 308224K, used 154210K [0x0000000082600000, 0x0000000100000000)
  region size 1024K, 42 young (43008K), 2 survivors (2048K)
 Metaspace       used 61096K, committed 62400K, reserved 1114112K
  class space    used 7943K, committed 8704K, reserved 1048576K
}

