# JRE version: Java(TM) SE Runtime Environment (19.0.2+7) (build 19.0.2+7-44)
# Java VM: Java HotSpot(TM) 64-Bit Server VM (19.0.2+7-44, mixed mode, emulated-client, sharing, tiered, compressed oops, compressed class ptrs, g1 gc, windows-amd64)
GC Precious Log:
 CardTable entry size: 512
 Card Set container configuration: InlinePtr #cards 5 size 8 Array Of Cards #cards 12 size 40 Howl #buckets 4 coarsen threshold 1843 Howl Bitmap #cards 512 size 80 coarsen threshold 460 Card regions per heap region 1 cards per card region 2048
 CPUs: 8 total, 8 available
 Memory: 8034M
 Large Page Support: Disabled
 NUMA Support: Disabled
 Compressed Oops: Enabled (32-bit)
 Heap Region Size: 1M
 Heap Min Capacity: 8M
 Heap Initial Capacity: 126M
 Heap Max Capacity: 2010M
 Pre-touch: Disabled
 Parallel Workers: 8
 Concurrent Workers: 2
 Concurrent Refinement Workers: 8
 Periodic GC: Disabled
Heap:
 garbage-first heap   total 326656K, used 130009K [0x0000000082600000, 0x0000000100000000)
  region size 1024K, 3 young (3072K), 3 survivors (3072K)
 Metaspace       used 65989K, committed 67904K, reserved 1114112K
  class space    used 8648K, committed 9664K, reserved 1048576K
GC Heap History (20 events):
Event: 1290.183 GC heap after
{Heap after GC invocations=19 (full 0):
 garbage-first heap   total 326656K, used 115712K [0x0000000082600000, 0x0000000100000000)
  region size 1024K, 2 young (2048K), 2 survivors (2048K)
 Metaspace       used 61651K, committed 63936K, reserved 1114112K
  class space    used 7845K, committed 8832K, reserved 1048576K
}
Event: 1358.448 GC heap before
{Heap before GC invocations=19 (full 0):
 garbage-first heap   total 326656K, used 135168K [0x0000000082600000, 0x0000000100000000)
  region size 1024K, 23 young (23552K), 2 survivors (2048K)
 Metaspace       used 62226K, committed 64192K, reserved 1114112K
  class space    used 7921K, committed 8832K, reserved 1048576K
}
Event: 1358.452 GC heap after
{Heap after GC invocations=20 (full 0):
 garbage-first heap   total 326656K, used 118159K [0x0000000082600000, 0x0000000100000000)
  region size 1024K, 5 young (5120K), 5 survivors (5120K)
 Metaspace       used 62226K, committed 64192K, reserved 1114112K
  class space    used 7921K, committed 8832K, reserved 1048576K
}
Event: 1681.502 GC heap before
{Heap before GC invocations=21 (full 0):
 garbage-first heap   total 326656K, used 258447K [0x0000000082600000, 0x0000000100000000)
  region size 1024K, 124 young (126976K), 5 survivors (5120K)
 Metaspace       used 63964K, committed 65600K, reserved 1114112K
  class space    used 8313K, committed 9152K, reserved 1048576K
}
Event: 1681.551 GC heap after
{Heap after GC invocations=22 (full 0):
 garbage-first heap   total 326656K, used 125791K [0x0000000082600000, 0x0000000100000000)
  region size 1024K, 16 young (16384K), 16 survivors (16384K)
 Metaspace       used 63964K, committed 65600K, reserved 1114112K
  class space    used 8313K, committed 9152K, reserved 1048576K
}
Event: 1681.560 GC heap before
{Heap before GC invocations=22 (full 0):
 garbage-first heap   total 326656K, used 126815K [0x0000000082600000, 0x0000000100000000)
  region size 1024K, 17 young (17408K), 16 survivors (16384K)
 Metaspace       used 63964K, committed 65600K, reserved 1114112K
  class space    used 8313K, committed 9152K, reserved 1048576K
}
Event: 1681.584 GC heap after
{Heap after GC invocations=23 (full 0):
 garbage-first heap   total 326656K, used 117418K [0x0000000082600000, 0x0000000100000000)
  region size 1024K, 1 young (1024K), 1 survivors (1024K)
 Metaspace       used 63964K, committed 65600K, reserved 1114112K
  class space    used 8313K, committed 9152K, reserved 1048576K
}
Event: 1946.583 GC heap before
{Heap before GC invocations=23 (full 0):
 garbage-first heap   total 326656K, used 146090K [0x0000000082600000, 0x0000000100000000)
  region size 1024K, 31 young (31744K), 1 survivors (1024K)
 Metaspace       used 64524K, committed 66176K, reserved 1114112K
  class space    used 8384K, committed 9216K, reserved 1048576K
}
Event: 1946.613 GC heap after
{Heap after GC invocations=24 (full 0):
 garbage-first heap   total 326656K, used 123018K [0x0000000082600000, 0x0000000100000000)
  region size 1024K, 7 young (7168K), 7 survivors (7168K)
 Metaspace       used 64524K, committed 66176K, reserved 1114112K
  class space    used 8384K, committed 9216K, reserved 1048576K
}
Event: 2773.686 GC heap before
{Heap before GC invocations=25 (full 0):
 garbage-first heap   total 326656K, used 284810K [0x0000000082600000, 0x0000000100000000)
  region size 1024K, 112 young (114688K), 7 survivors (7168K)
 Metaspace       used 64549K, committed 66240K, reserved 1114112K
  class space    used 8393K, committed 9280K, reserved 1048576K
}
Event: 2773.748 GC heap after
{Heap after GC invocations=26 (full 0):
 garbage-first heap   total 326656K, used 126816K [0x0000000082600000, 0x0000000100000000)
  region size 1024K, 13 young (13312K), 13 survivors (13312K)
 Metaspace       used 64549K, committed 66240K, reserved 1114112K
  class space    used 8393K, committed 9280K, reserved 1048576K
}
Event: 2773.771 GC heap before
{Heap before GC invocations=26 (full 0):
 garbage-first heap   total 326656K, used 127840K [0x0000000082600000, 0x0000000100000000)
  region size 1024K, 15 young (15360K), 13 survivors (13312K)
 Metaspace       used 64586K, committed 66304K, reserved 1114112K
  class space    used 8401K, committed 9280K, reserved 1048576K
}
Event: 2773.816 GC heap after
{Heap after GC invocations=27 (full 0):
 garbage-first heap   total 326656K, used 118355K [0x0000000082600000, 0x0000000100000000)
  region size 1024K, 2 young (2048K), 2 survivors (2048K)
 Metaspace       used 64586K, committed 66304K, reserved 1114112K
  class space    used 8401K, committed 9280K, reserved 1048576K
}
Event: 2774.046 GC heap before
{Heap before GC invocations=27 (full 0):
 garbage-first heap   total 326656K, used 129619K [0x0000000082600000, 0x0000000100000000)
  region size 1024K, 15 young (15360K), 2 survivors (2048K)
 Metaspace       used 64847K, committed 66624K, reserved 1114112K
  class space    used 8452K, committed 9408K, reserved 1048576K
}
Event: 2774.054 GC heap after
{Heap after GC invocations=28 (full 0):
 garbage-first heap   total 326656K, used 117967K [0x0000000082600000, 0x0000000100000000)
  region size 1024K, 2 young (2048K), 2 survivors (2048K)
 Metaspace       used 64847K, committed 66624K, reserved 1114112K
  class space    used 8452K, committed 9408K, reserved 1048576K
}
Event: 2990.098 GC heap before
{Heap before GC invocations=29 (full 0):
 garbage-first heap   total 326656K, used 252111K [0x0000000082600000, 0x0000000100000000)
  region size 1024K, 112 young (114688K), 2 survivors (2048K)
 Metaspace       used 65464K, committed 67264K, reserved 1114112K
  class space    used 8537K, committed 9472K, reserved 1048576K
}
Event: 2990.115 GC heap after
{Heap after GC invocations=30 (full 0):
 garbage-first heap   total 326656K, used 131537K [0x0000000082600000, 0x0000000100000000)
  region size 1024K, 14 young (14336K), 14 survivors (14336K)
 Metaspace       used 65464K, committed 67264K, reserved 1114112K
  class space    used 8537K, committed 9472K, reserved 1048576K
}
Event: 2990.120 GC heap before
{Heap before GC invocations=30 (full 0):
 garbage-first heap   total 326656K, used 132561K [0x0000000082600000, 0x0000000100000000)
  region size 1024K, 15 young (15360K), 14 survivors (14336K)
 Metaspace       used 65464K, committed 67264K, reserved 1114112K
  class space    used 8537K, committed 9472K, reserved 1048576K
}
Event: 2990.144 GC heap after
{Heap after GC invocations=31 (full 0):
 garbage-first heap   total 326656K, used 129081K [0x0000000082600000, 0x0000000100000000)
  region size 1024K, 2 young (2048K), 2 survivors (2048K)
 Metaspace       used 65464K, committed 67264K, reserved 1114112K
  class space    used 8537K, committed 9472K, reserved 1048576K
}
Event: 2990.380 GC heap before
{Heap before GC invocations=31 (full 0):
 garbage-first heap   total 326656K, used 158777K [0x0000000082600000, 0x0000000100000000)
  region size 1024K, 33 young (33792K), 2 survivors (2048K)
 Metaspace       used 65989K, committed 67904K, reserved 1114112K
  class space    used 8648K, committed 9664K, reserved 1048576K
}

