# JRE version: Java(TM) SE Runtime Environment (19.0.2+7) (build 19.0.2+7-44)
# Java VM: Java HotSpot(TM) 64-Bit Server VM (19.0.2+7-44, mixed mode, emulated-client, sharing, tiered, compressed oops, compressed class ptrs, g1 gc, windows-amd64)
GC Precious Log:
 CardTable entry size: 512
 Card Set container configuration: InlinePtr #cards 5 size 8 Array Of Cards #cards 12 size 40 Howl #buckets 4 coarsen threshold 1843 Howl Bitmap #cards 512 size 80 coarsen threshold 460 Card regions per heap region 1 cards per card region 2048
 CPUs: 8 total, 8 available
 Memory: 8034M
 Large Page Support: Disabled
 NUMA Support: Disabled
 Compressed Oops: Enabled (32-bit)
 Heap Region Size: 1M
 Heap Min Capacity: 8M
 Heap Initial Capacity: 126M
 Heap Max Capacity: 2010M
 Pre-touch: Disabled
 Parallel Workers: 8
 Concurrent Workers: 2
 Concurrent Refinement Workers: 8
 Periodic GC: Disabled
Heap:
 garbage-first heap   total 368640K, used 127160K [0x0000000082600000, 0x0000000100000000)
  region size 1024K, 4 young (4096K), 4 survivors (4096K)
 Metaspace       used 65068K, committed 66816K, reserved 1114112K
  class space    used 8509K, committed 9408K, reserved 1048576K
GC Heap History (20 events):
Event: 410.276 GC heap after
{Heap after GC invocations=19 (full 0):
 garbage-first heap   total 276480K, used 95944K [0x0000000082600000, 0x0000000100000000)
  region size 1024K, 2 young (2048K), 2 survivors (2048K)
 Metaspace       used 62860K, committed 64576K, reserved 1114112K
  class space    used 8164K, committed 9024K, reserved 1048576K
}
Event: 410.422 GC heap before
{Heap before GC invocations=19 (full 0):
 garbage-first heap   total 276480K, used 125640K [0x0000000082600000, 0x0000000100000000)
  region size 1024K, 32 young (32768K), 2 survivors (2048K)
 Metaspace       used 63392K, committed 65088K, reserved 1114112K
  class space    used 8234K, committed 9088K, reserved 1048576K
}
Event: 410.427 GC heap after
{Heap after GC invocations=20 (full 0):
 garbage-first heap   total 276480K, used 101512K [0x0000000082600000, 0x0000000100000000)
  region size 1024K, 7 young (7168K), 7 survivors (7168K)
 Metaspace       used 63392K, committed 65088K, reserved 1114112K
  class space    used 8234K, committed 9088K, reserved 1048576K
}
Event: 946.129 GC heap before
{Heap before GC invocations=21 (full 0):
 garbage-first heap   total 276480K, used 223368K [0x0000000082600000, 0x0000000100000000)
  region size 1024K, 98 young (100352K), 7 survivors (7168K)
 Metaspace       used 63558K, committed 65216K, reserved 1114112K
  class space    used 8260K, committed 9088K, reserved 1048576K
}
Event: 946.172 GC heap after
{Heap after GC invocations=22 (full 0):
 garbage-first heap   total 276480K, used 107458K [0x0000000082600000, 0x0000000100000000)
  region size 1024K, 13 young (13312K), 13 survivors (13312K)
 Metaspace       used 63558K, committed 65216K, reserved 1114112K
  class space    used 8260K, committed 9088K, reserved 1048576K
}
Event: 946.180 GC heap before
{Heap before GC invocations=22 (full 0):
 garbage-first heap   total 276480K, used 108482K [0x0000000082600000, 0x0000000100000000)
  region size 1024K, 14 young (14336K), 13 survivors (13312K)
 Metaspace       used 63558K, committed 65216K, reserved 1114112K
  class space    used 8260K, committed 9088K, reserved 1048576K
}
Event: 946.211 GC heap after
{Heap after GC invocations=23 (full 0):
 garbage-first heap   total 276480K, used 105261K [0x0000000082600000, 0x0000000100000000)
  region size 1024K, 1 young (1024K), 1 survivors (1024K)
 Metaspace       used 63558K, committed 65216K, reserved 1114112K
  class space    used 8260K, committed 9088K, reserved 1048576K
}
Event: 946.276 GC heap before
{Heap before GC invocations=23 (full 0):
 garbage-first heap   total 276480K, used 106285K [0x0000000082600000, 0x0000000100000000)
  region size 1024K, 4 young (4096K), 1 survivors (1024K)
 Metaspace       used 63567K, committed 65216K, reserved 1114112K
  class space    used 8262K, committed 9088K, reserved 1048576K
}
Event: 946.280 GC heap after
{Heap after GC invocations=24 (full 0):
 garbage-first heap   total 276480K, used 105259K [0x0000000082600000, 0x0000000100000000)
  region size 1024K, 1 young (1024K), 1 survivors (1024K)
 Metaspace       used 63567K, committed 65216K, reserved 1114112K
  class space    used 8262K, committed 9088K, reserved 1048576K
}
Event: 1351.504 GC heap before
{Heap before GC invocations=25 (full 0):
 garbage-first heap   total 276480K, used 238379K [0x0000000082600000, 0x0000000100000000)
  region size 1024K, 101 young (103424K), 1 survivors (1024K)
 Metaspace       used 63384K, committed 65280K, reserved 1114112K
  class space    used 8163K, committed 9088K, reserved 1048576K
}
Event: 1351.519 GC heap after
{Heap after GC invocations=26 (full 0):
 garbage-first heap   total 276480K, used 117906K [0x0000000082600000, 0x0000000100000000)
  region size 1024K, 13 young (13312K), 13 survivors (13312K)
 Metaspace       used 63384K, committed 65280K, reserved 1114112K
  class space    used 8163K, committed 9088K, reserved 1048576K
}
Event: 1351.523 GC heap before
{Heap before GC invocations=26 (full 0):
 garbage-first heap   total 276480K, used 118930K [0x0000000082600000, 0x0000000100000000)
  region size 1024K, 14 young (14336K), 13 survivors (13312K)
 Metaspace       used 63408K, committed 65280K, reserved 1114112K
  class space    used 8168K, committed 9088K, reserved 1048576K
}
Event: 1351.541 GC heap after
{Heap after GC invocations=27 (full 0):
 garbage-first heap   total 276480K, used 118229K [0x0000000082600000, 0x0000000100000000)
  region size 1024K, 2 young (2048K), 2 survivors (2048K)
 Metaspace       used 63408K, committed 65280K, reserved 1114112K
  class space    used 8168K, committed 9088K, reserved 1048576K
}
Event: 1351.737 GC heap before
{Heap before GC invocations=27 (full 0):
 garbage-first heap   total 276480K, used 158165K [0x0000000082600000, 0x0000000100000000)
  region size 1024K, 43 young (44032K), 2 survivors (2048K)
 Metaspace       used 64354K, committed 66048K, reserved 1114112K
  class space    used 8377K, committed 9216K, reserved 1048576K
}
Event: 1351.740 GC heap after
{Heap after GC invocations=28 (full 0):
 garbage-first heap   total 276480K, used 119999K [0x0000000082600000, 0x0000000100000000)
  region size 1024K, 4 young (4096K), 4 survivors (4096K)
 Metaspace       used 64354K, committed 66048K, reserved 1114112K
  class space    used 8377K, committed 9216K, reserved 1048576K
}
Event: 1370.481 GC heap before
{Heap before GC invocations=29 (full 0):
 garbage-first heap   total 276480K, used 244927K [0x0000000082600000, 0x0000000100000000)
  region size 1024K, 95 young (97280K), 4 survivors (4096K)
 Metaspace       used 64746K, committed 66496K, reserved 1114112K
  class space    used 8449K, committed 9344K, reserved 1048576K
}
Event: 1370.491 GC heap after
{Heap after GC invocations=30 (full 0):
 garbage-first heap   total 276480K, used 132237K [0x0000000082600000, 0x0000000100000000)
  region size 1024K, 12 young (12288K), 12 survivors (12288K)
 Metaspace       used 64746K, committed 66496K, reserved 1114112K
  class space    used 8449K, committed 9344K, reserved 1048576K
}
Event: 1370.493 GC heap before
{Heap before GC invocations=30 (full 0):
 garbage-first heap   total 276480K, used 133261K [0x0000000082600000, 0x0000000100000000)
  region size 1024K, 13 young (13312K), 12 survivors (12288K)
 Metaspace       used 64750K, committed 66496K, reserved 1114112K
  class space    used 8450K, committed 9344K, reserved 1048576K
}
Event: 1370.504 GC heap after
{Heap after GC invocations=31 (full 0):
 garbage-first heap   total 276480K, used 125070K [0x0000000082600000, 0x0000000100000000)
  region size 1024K, 2 young (2048K), 2 survivors (2048K)
 Metaspace       used 64750K, committed 66496K, reserved 1114112K
  class space    used 8450K, committed 9344K, reserved 1048576K
}
Event: 1370.654 GC heap before
{Heap before GC invocations=31 (full 0):
 garbage-first heap   total 276480K, used 166030K [0x0000000082600000, 0x0000000100000000)
  region size 1024K, 44 young (45056K), 2 survivors (2048K)
 Metaspace       used 65068K, committed 66816K, reserved 1114112K
  class space    used 8509K, committed 9408K, reserved 1048576K
}

